Timing is on.
Timing is on.
pg_stat_statements_reset

Time: 1.042 ms
promo_revenue
16.6925413107280584
Time: 28782.751 ms (00:28.783)
promo_revenue
16.6925413107280584
Time: 3979.983 ms (00:03.980)
secs,cov
16.373269129,0.7572664913959835
Time: 1.264 ms
pg_stat_statements_reset

Time: 0.160 ms
promo_revenue
16.6925413107280584
Time: 3560.439 ms (00:03.560)
promo_revenue
16.6925413107280584
Time: 2852.260 ms (00:02.852)
promo_revenue
16.6925413107280584
Time: 3143.004 ms (00:03.143)
promo_revenue
16.6925413107280584
Time: 5700.210 ms (00:05.700)
promo_revenue
16.6925413107280584
Time: 3463.508 ms (00:03.464)
promo_revenue
16.6925413107280584
Time: 3593.793 ms (00:03.594)
promo_revenue
16.6925413107280584
Time: 3558.987 ms (00:03.559)
promo_revenue
16.6925413107280584
Time: 3574.173 ms (00:03.574)
QUERY PLAN
Aggregate  (cost=1219857.74..1219857.76 rows=1 width=32)
  ->  Hash Join  (cost=110033.99..1206521.16 rows=762090 width=33)
        Hash Cond: (lineitem.l_partkey = part.p_partkey)
        ->  Bitmap Heap Scan on lineitem  (cost=10399.99..1083770.67 rows=762090 width=16)
              Recheck Cond: ((l_shipdate >= '1993-03-01'::date) AND (l_shipdate < '1993-04-01'::date))
              ->  Bitmap Index Scan on lineitem_l_shipdate_idx  (cost=0.00..10209.47 rows=762090 width=0)
                    Index Cond: ((l_shipdate >= '1993-03-01'::date) AND (l_shipdate < '1993-04-01'::date))
        ->  Hash  (cost=60962.00..60962.00 rows=2000000 width=25)
              ->  Seq Scan on part  (cost=0.00..60962.00 rows=2000000 width=25)
Time: 0.817 ms
Timing is off.
secs,cov
3.67457355425,0.21839038872226013
