Timing is on.
Timing is on.
pg_stat_statements_reset

Time: 0.646 ms
l_orderkey,revenue,o_orderdate,o_shippriority
34806048,470788.7361,1995-03-19,0
49757091,447789.5848,1995-03-22,0
16833670,443091.4894,1995-03-22,0
37432583,440424.6604,1995-02-27,0
6609121,427362.0027,1995-03-19,0
44331334,423916.7338,1995-02-27,0
37913317,423206.0404,1995-02-03,0
23906240,420657.2244,1995-03-22,0
55864096,418593.3631,1995-03-19,0
34766501,417496.3461,1995-03-22,0
Time: 28964.395 ms (00:28.964)
l_orderkey,revenue,o_orderdate,o_shippriority
34806048,470788.7361,1995-03-19,0
49757091,447789.5848,1995-03-22,0
16833670,443091.4894,1995-03-22,0
37432583,440424.6604,1995-02-27,0
6609121,427362.0027,1995-03-19,0
44331334,423916.7338,1995-02-27,0
37913317,423206.0404,1995-02-03,0
23906240,420657.2244,1995-03-22,0
55864096,418593.3631,1995-03-19,0
34766501,417496.3461,1995-03-22,0
Time: 26061.735 ms (00:26.062)
secs,cov
27.462915728499997,0.05152698487988583
Time: 0.987 ms
pg_stat_statements_reset

Time: 0.172 ms
l_orderkey,revenue,o_orderdate,o_shippriority
34806048,470788.7361,1995-03-19,0
49757091,447789.5848,1995-03-22,0
16833670,443091.4894,1995-03-22,0
37432583,440424.6604,1995-02-27,0
6609121,427362.0027,1995-03-19,0
44331334,423916.7338,1995-02-27,0
37913317,423206.0404,1995-02-03,0
23906240,420657.2244,1995-03-22,0
55864096,418593.3631,1995-03-19,0
34766501,417496.3461,1995-03-22,0
Time: 25073.080 ms (00:25.073)
l_orderkey,revenue,o_orderdate,o_shippriority
34806048,470788.7361,1995-03-19,0
49757091,447789.5848,1995-03-22,0
16833670,443091.4894,1995-03-22,0
37432583,440424.6604,1995-02-27,0
6609121,427362.0027,1995-03-19,0
44331334,423916.7338,1995-02-27,0
37913317,423206.0404,1995-02-03,0
23906240,420657.2244,1995-03-22,0
55864096,418593.3631,1995-03-19,0
34766501,417496.3461,1995-03-22,0
Time: 25148.298 ms (00:25.148)
l_orderkey,revenue,o_orderdate,o_shippriority
34806048,470788.7361,1995-03-19,0
49757091,447789.5848,1995-03-22,0
16833670,443091.4894,1995-03-22,0
37432583,440424.6604,1995-02-27,0
6609121,427362.0027,1995-03-19,0
44331334,423916.7338,1995-02-27,0
37913317,423206.0404,1995-02-03,0
23906240,420657.2244,1995-03-22,0
55864096,418593.3631,1995-03-19,0
34766501,417496.3461,1995-03-22,0
Time: 25892.833 ms (00:25.893)
l_orderkey,revenue,o_orderdate,o_shippriority
34806048,470788.7361,1995-03-19,0
49757091,447789.5848,1995-03-22,0
16833670,443091.4894,1995-03-22,0
37432583,440424.6604,1995-02-27,0
6609121,427362.0027,1995-03-19,0
44331334,423916.7338,1995-02-27,0
37913317,423206.0404,1995-02-03,0
23906240,420657.2244,1995-03-22,0
55864096,418593.3631,1995-03-19,0
34766501,417496.3461,1995-03-22,0
Time: 25485.864 ms (00:25.486)
l_orderkey,revenue,o_orderdate,o_shippriority
34806048,470788.7361,1995-03-19,0
49757091,447789.5848,1995-03-22,0
16833670,443091.4894,1995-03-22,0
37432583,440424.6604,1995-02-27,0
6609121,427362.0027,1995-03-19,0
44331334,423916.7338,1995-02-27,0
37913317,423206.0404,1995-02-03,0
23906240,420657.2244,1995-03-22,0
55864096,418593.3631,1995-03-19,0
34766501,417496.3461,1995-03-22,0
Time: 25604.259 ms (00:25.604)
l_orderkey,revenue,o_orderdate,o_shippriority
34806048,470788.7361,1995-03-19,0
49757091,447789.5848,1995-03-22,0
16833670,443091.4894,1995-03-22,0
37432583,440424.6604,1995-02-27,0
6609121,427362.0027,1995-03-19,0
44331334,423916.7338,1995-02-27,0
37913317,423206.0404,1995-02-03,0
23906240,420657.2244,1995-03-22,0
55864096,418593.3631,1995-03-19,0
34766501,417496.3461,1995-03-22,0
Time: 31100.778 ms (00:31.101)
l_orderkey,revenue,o_orderdate,o_shippriority
34806048,470788.7361,1995-03-19,0
49757091,447789.5848,1995-03-22,0
16833670,443091.4894,1995-03-22,0
37432583,440424.6604,1995-02-27,0
6609121,427362.0027,1995-03-19,0
44331334,423916.7338,1995-02-27,0
37913317,423206.0404,1995-02-03,0
23906240,420657.2244,1995-03-22,0
55864096,418593.3631,1995-03-19,0
34766501,417496.3461,1995-03-22,0
Time: 27955.680 ms (00:27.956)
l_orderkey,revenue,o_orderdate,o_shippriority
34806048,470788.7361,1995-03-19,0
49757091,447789.5848,1995-03-22,0
16833670,443091.4894,1995-03-22,0
37432583,440424.6604,1995-02-27,0
6609121,427362.0027,1995-03-19,0
44331334,423916.7338,1995-02-27,0
37913317,423206.0404,1995-02-03,0
23906240,420657.2244,1995-03-22,0
55864096,418593.3631,1995-03-19,0
34766501,417496.3461,1995-03-22,0
Time: 25293.960 ms (00:25.294)
QUERY PLAN
Limit  (cost=3270017.78..3270017.80 rows=10 width=44)
  ->  Sort  (cost=3270017.78..3277683.16 rows=3066151 width=44)
"        Sort Key: (sum((lineitem.l_extendedprice * ('1'::numeric - lineitem.l_discount)))) DESC, orders.o_orderdate"
        ->  HashAggregate  (cost=3129501.01..3203759.36 rows=3066151 width=44)
"              Group Key: lineitem.l_orderkey, orders.o_orderdate, orders.o_shippriority"
              Planned Partitions: 16
              ->  Hash Join  (cost=537095.59..2878459.90 rows=3066151 width=24)
                    Hash Cond: (lineitem.l_orderkey = orders.o_orderkey)
                    ->  Seq Scan on lineitem  (cost=0.00..1874367.65 rows=31760574 width=16)
                          Filter: (l_shipdate > '1995-03-24'::date)
                    ->  Hash  (cost=511923.43..511923.43 rows=1448093 width=12)
                          ->  Hash Join  (cost=140150.54..511923.43 rows=1448093 width=12)
                                Hash Cond: (orders.o_custkey = customer.c_custkey)
                                ->  Bitmap Heap Scan on orders  (cost=81869.16..434401.69 rows=7329642 width=16)
                                      Recheck Cond: (o_orderdate < '1995-03-24'::date)
                                      ->  Bitmap Index Scan on orders_o_orderdate_idx  (cost=0.00..80036.75 rows=7329642 width=0)
                                            Index Cond: (o_orderdate < '1995-03-24'::date)
                                ->  Hash  (cost=54577.00..54577.00 rows=296350 width=4)
                                      ->  Seq Scan on customer  (cost=0.00..54577.00 rows=296350 width=4)
                                            Filter: (c_mktsegment = 'AUTOMOBILE'::bpchar)
Time: 2.037 ms
Timing is off.
secs,cov
26.431357713375,0.07421213784664861
