Timing is on.
Timing is on.
pg_stat_statements_reset

Time: 0.617 ms
revenue
1641525532.8238
Time: 10831.683 ms (00:10.832)
revenue
1641525532.8238
Time: 9287.987 ms (00:09.288)
secs,cov
10.049126129500001,0.07674655861229328
Time: 1.012 ms
pg_stat_statements_reset

Time: 0.160 ms
revenue
1641525532.8238
Time: 8935.993 ms (00:08.936)
revenue
1641525532.8238
Time: 7618.807 ms (00:07.619)
revenue
1641525532.8238
Time: 7972.461 ms (00:07.972)
revenue
1641525532.8238
Time: 8646.134 ms (00:08.646)
revenue
1641525532.8238
Time: 8578.920 ms (00:08.579)
revenue
1641525532.8238
Time: 8136.267 ms (00:08.136)
revenue
1641525532.8238
Time: 8409.093 ms (00:08.409)
revenue
1641525532.8238
Time: 8330.420 ms (00:08.330)
QUERY PLAN
Aggregate  (cost=2070804.79..2070804.80 rows=1 width=32)
  ->  Bitmap Heap Scan on lineitem  (cost=123530.88..2065030.26 rows=1154904 width=12)
        Recheck Cond: ((l_shipdate >= '1995-01-01'::date) AND (l_shipdate < '1996-01-01'::date))
        Filter: ((l_discount >= 0.07) AND (l_discount <= 0.09) AND (l_quantity < '24'::numeric))
        ->  Bitmap Index Scan on lineitem_l_shipdate_idx  (cost=0.00..123242.15 rows=9201759 width=0)
              Index Cond: ((l_shipdate >= '1995-01-01'::date) AND (l_shipdate < '1996-01-01'::date))
Time: 0.640 ms
Timing is off.
secs,cov
8.318821408375,0.046678944661976286
