Timing is on.
Timing is on.
pg_stat_statements_reset

Time: 0.666 ms
promo_revenue
16.6925413107280584
Time: 8736.032 ms (00:08.736)
promo_revenue
16.6925413107280584
Time: 3521.995 ms (00:03.522)
secs,cov
6.123354292999999,0.425627670275325
Time: 1.018 ms
pg_stat_statements_reset

Time: 0.147 ms
promo_revenue
16.6925413107280584
Time: 3403.873 ms (00:03.404)
promo_revenue
16.6925413107280584
Time: 3400.185 ms (00:03.400)
promo_revenue
16.6925413107280584
Time: 3412.226 ms (00:03.412)
promo_revenue
16.6925413107280584
Time: 3423.650 ms (00:03.424)
promo_revenue
16.6925413107280584
Time: 3426.895 ms (00:03.427)
promo_revenue
16.6925413107280584
Time: 3397.027 ms (00:03.397)
promo_revenue
16.6925413107280584
Time: 3414.390 ms (00:03.414)
promo_revenue
16.6925413107280584
Time: 3417.764 ms (00:03.418)
QUERY PLAN
Aggregate  (cost=1219857.74..1219857.76 rows=1 width=32)
  ->  Hash Join  (cost=110033.99..1206521.16 rows=762090 width=33)
        Hash Cond: (lineitem.l_partkey = part.p_partkey)
        ->  Bitmap Heap Scan on lineitem  (cost=10399.99..1083770.67 rows=762090 width=16)
              Recheck Cond: ((l_shipdate >= '1993-03-01'::date) AND (l_shipdate < '1993-04-01'::date))
              ->  Bitmap Index Scan on lineitem_l_shipdate_idx  (cost=0.00..10209.47 rows=762090 width=0)
                    Index Cond: ((l_shipdate >= '1993-03-01'::date) AND (l_shipdate < '1993-04-01'::date))
        ->  Hash  (cost=60962.00..60962.00 rows=2000000 width=25)
              ->  Seq Scan on part  (cost=0.00..60962.00 rows=2000000 width=25)
Time: 0.838 ms
Timing is off.
secs,cov
3.4071440495000003,0.0029839841476888415
