Timing is on.
Timing is on.
pg_stat_statements_reset

Time: 0.604 ms
s_suppkey,s_name,s_address,s_phone,total_revenue
97884,Supplier#000097884       ,dIMTUp l5I,22-665-524-1387,2226856.7654
Time: 4684.777 ms (00:04.685)
s_suppkey,s_name,s_address,s_phone,total_revenue
97884,Supplier#000097884       ,dIMTUp l5I,22-665-524-1387,2226856.7654
Time: 3421.198 ms (00:03.421)
secs,cov
4.0465756765,0.15587276871232386
Time: 0.985 ms
pg_stat_statements_reset

Time: 0.165 ms
s_suppkey,s_name,s_address,s_phone,total_revenue
97884,Supplier#000097884       ,dIMTUp l5I,22-665-524-1387,2226856.7654
Time: 3411.977 ms (00:03.412)
s_suppkey,s_name,s_address,s_phone,total_revenue
97884,Supplier#000097884       ,dIMTUp l5I,22-665-524-1387,2226856.7654
Time: 3339.651 ms (00:03.340)
s_suppkey,s_name,s_address,s_phone,total_revenue
97884,Supplier#000097884       ,dIMTUp l5I,22-665-524-1387,2226856.7654
Time: 3296.809 ms (00:03.297)
s_suppkey,s_name,s_address,s_phone,total_revenue
97884,Supplier#000097884       ,dIMTUp l5I,22-665-524-1387,2226856.7654
Time: 3489.228 ms (00:03.489)
s_suppkey,s_name,s_address,s_phone,total_revenue
97884,Supplier#000097884       ,dIMTUp l5I,22-665-524-1387,2226856.7654
Time: 3373.873 ms (00:03.374)
s_suppkey,s_name,s_address,s_phone,total_revenue
97884,Supplier#000097884       ,dIMTUp l5I,22-665-524-1387,2226856.7654
Time: 3447.928 ms (00:03.448)
s_suppkey,s_name,s_address,s_phone,total_revenue
97884,Supplier#000097884       ,dIMTUp l5I,22-665-524-1387,2226856.7654
Time: 3417.605 ms (00:03.418)
s_suppkey,s_name,s_address,s_phone,total_revenue
97884,Supplier#000097884       ,dIMTUp l5I,22-665-524-1387,2226856.7654
Time: 3289.101 ms (00:03.289)
QUERY PLAN
Sort  (cost=1685225.25..1685226.52 rows=508 width=103)
  Sort Key: supplier.s_suppkey
  CTE revenue
    ->  HashAggregate  (cost=1676318.99..1677588.97 rows=101599 width=36)
          Group Key: lineitem.l_suppkey
          ->  Bitmap Heap Scan on lineitem  (cost=31837.79..1652985.11 rows=2333388 width=16)
                Recheck Cond: ((l_shipdate >= '1995-09-01'::date) AND (l_shipdate < '1995-11-30 00:00:00'::timestamp without time zone))
                ->  Bitmap Index Scan on lineitem_l_shipdate_idx  (cost=0.00..31254.44 rows=2333388 width=0)
                      Index Cond: ((l_shipdate >= '1995-09-01'::date) AND (l_shipdate < '1995-11-30 00:00:00'::timestamp without time zone))
  InitPlan 2 (returns $1)
    ->  Aggregate  (cost=2285.98..2285.99 rows=1 width=32)
          ->  CTE Scan on revenue revenue_1  (cost=0.00..2031.98 rows=101599 width=32)
  ->  Nested Loop  (cost=0.29..5327.46 rows=508 width=103)
        ->  CTE Scan on revenue  (cost=0.00..2285.98 rows=508 width=36)
              Filter: (total_revenue = $1)
        ->  Index Scan using pk_supplier on supplier  (cost=0.29..5.99 rows=1 width=71)
              Index Cond: (s_suppkey = revenue.supplier_no)
Time: 1.861 ms
Timing is off.
secs,cov
3.377908363875,0.019790123427697415
