Timing is on.
Timing is on.
pg_stat_statements_reset

Time: 0.596 ms
l_orderkey,revenue,o_orderdate,o_shippriority
34806048,470788.7361,1995-03-19,0
49757091,447789.5848,1995-03-22,0
16833670,443091.4894,1995-03-22,0
37432583,440424.6604,1995-02-27,0
6609121,427362.0027,1995-03-19,0
44331334,423916.7338,1995-02-27,0
37913317,423206.0404,1995-02-03,0
23906240,420657.2244,1995-03-22,0
55864096,418593.3631,1995-03-19,0
34766501,417496.3461,1995-03-22,0
Time: 28533.223 ms (00:28.533)
l_orderkey,revenue,o_orderdate,o_shippriority
34806048,470788.7361,1995-03-19,0
49757091,447789.5848,1995-03-22,0
16833670,443091.4894,1995-03-22,0
37432583,440424.6604,1995-02-27,0
6609121,427362.0027,1995-03-19,0
44331334,423916.7338,1995-02-27,0
37913317,423206.0404,1995-02-03,0
23906240,420657.2244,1995-03-22,0
55864096,418593.3631,1995-03-19,0
34766501,417496.3461,1995-03-22,0
Time: 27149.709 ms (00:27.150)
secs,cov
27.80396735,0.024032430645189864
Time: 1.005 ms
pg_stat_statements_reset

Time: 0.167 ms
l_orderkey,revenue,o_orderdate,o_shippriority
34806048,470788.7361,1995-03-19,0
49757091,447789.5848,1995-03-22,0
16833670,443091.4894,1995-03-22,0
37432583,440424.6604,1995-02-27,0
6609121,427362.0027,1995-03-19,0
44331334,423916.7338,1995-02-27,0
37913317,423206.0404,1995-02-03,0
23906240,420657.2244,1995-03-22,0
55864096,418593.3631,1995-03-19,0
34766501,417496.3461,1995-03-22,0
Time: 24578.605 ms (00:24.579)
l_orderkey,revenue,o_orderdate,o_shippriority
34806048,470788.7361,1995-03-19,0
49757091,447789.5848,1995-03-22,0
16833670,443091.4894,1995-03-22,0
37432583,440424.6604,1995-02-27,0
6609121,427362.0027,1995-03-19,0
44331334,423916.7338,1995-02-27,0
37913317,423206.0404,1995-02-03,0
23906240,420657.2244,1995-03-22,0
55864096,418593.3631,1995-03-19,0
34766501,417496.3461,1995-03-22,0
Time: 24878.331 ms (00:24.878)
l_orderkey,revenue,o_orderdate,o_shippriority
34806048,470788.7361,1995-03-19,0
49757091,447789.5848,1995-03-22,0
16833670,443091.4894,1995-03-22,0
37432583,440424.6604,1995-02-27,0
6609121,427362.0027,1995-03-19,0
44331334,423916.7338,1995-02-27,0
37913317,423206.0404,1995-02-03,0
23906240,420657.2244,1995-03-22,0
55864096,418593.3631,1995-03-19,0
34766501,417496.3461,1995-03-22,0
Time: 24910.223 ms (00:24.910)
l_orderkey,revenue,o_orderdate,o_shippriority
34806048,470788.7361,1995-03-19,0
49757091,447789.5848,1995-03-22,0
16833670,443091.4894,1995-03-22,0
37432583,440424.6604,1995-02-27,0
6609121,427362.0027,1995-03-19,0
44331334,423916.7338,1995-02-27,0
37913317,423206.0404,1995-02-03,0
23906240,420657.2244,1995-03-22,0
55864096,418593.3631,1995-03-19,0
34766501,417496.3461,1995-03-22,0
Time: 24748.049 ms (00:24.748)
l_orderkey,revenue,o_orderdate,o_shippriority
34806048,470788.7361,1995-03-19,0
49757091,447789.5848,1995-03-22,0
16833670,443091.4894,1995-03-22,0
37432583,440424.6604,1995-02-27,0
6609121,427362.0027,1995-03-19,0
44331334,423916.7338,1995-02-27,0
37913317,423206.0404,1995-02-03,0
23906240,420657.2244,1995-03-22,0
55864096,418593.3631,1995-03-19,0
34766501,417496.3461,1995-03-22,0
Time: 25470.353 ms (00:25.470)
l_orderkey,revenue,o_orderdate,o_shippriority
34806048,470788.7361,1995-03-19,0
49757091,447789.5848,1995-03-22,0
16833670,443091.4894,1995-03-22,0
37432583,440424.6604,1995-02-27,0
6609121,427362.0027,1995-03-19,0
44331334,423916.7338,1995-02-27,0
37913317,423206.0404,1995-02-03,0
23906240,420657.2244,1995-03-22,0
55864096,418593.3631,1995-03-19,0
34766501,417496.3461,1995-03-22,0
Time: 25180.252 ms (00:25.180)
l_orderkey,revenue,o_orderdate,o_shippriority
34806048,470788.7361,1995-03-19,0
49757091,447789.5848,1995-03-22,0
16833670,443091.4894,1995-03-22,0
37432583,440424.6604,1995-02-27,0
6609121,427362.0027,1995-03-19,0
44331334,423916.7338,1995-02-27,0
37913317,423206.0404,1995-02-03,0
23906240,420657.2244,1995-03-22,0
55864096,418593.3631,1995-03-19,0
34766501,417496.3461,1995-03-22,0
Time: 24551.851 ms (00:24.552)
l_orderkey,revenue,o_orderdate,o_shippriority
34806048,470788.7361,1995-03-19,0
49757091,447789.5848,1995-03-22,0
16833670,443091.4894,1995-03-22,0
37432583,440424.6604,1995-02-27,0
6609121,427362.0027,1995-03-19,0
44331334,423916.7338,1995-02-27,0
37913317,423206.0404,1995-02-03,0
23906240,420657.2244,1995-03-22,0
55864096,418593.3631,1995-03-19,0
34766501,417496.3461,1995-03-22,0
Time: 24670.383 ms (00:24.670)
QUERY PLAN
Limit  (cost=3270017.78..3270017.80 rows=10 width=44)
  ->  Sort  (cost=3270017.78..3277683.16 rows=3066151 width=44)
"        Sort Key: (sum((lineitem.l_extendedprice * ('1'::numeric - lineitem.l_discount)))) DESC, orders.o_orderdate"
        ->  HashAggregate  (cost=3129501.01..3203759.36 rows=3066151 width=44)
"              Group Key: lineitem.l_orderkey, orders.o_orderdate, orders.o_shippriority"
              Planned Partitions: 16
              ->  Hash Join  (cost=537095.59..2878459.90 rows=3066151 width=24)
                    Hash Cond: (lineitem.l_orderkey = orders.o_orderkey)
                    ->  Seq Scan on lineitem  (cost=0.00..1874367.65 rows=31760574 width=16)
                          Filter: (l_shipdate > '1995-03-24'::date)
                    ->  Hash  (cost=511923.43..511923.43 rows=1448093 width=12)
                          ->  Hash Join  (cost=140150.54..511923.43 rows=1448093 width=12)
                                Hash Cond: (orders.o_custkey = customer.c_custkey)
                                ->  Bitmap Heap Scan on orders  (cost=81869.16..434401.69 rows=7329642 width=16)
                                      Recheck Cond: (o_orderdate < '1995-03-24'::date)
                                      ->  Bitmap Index Scan on orders_o_orderdate_idx  (cost=0.00..80036.75 rows=7329642 width=0)
                                            Index Cond: (o_orderdate < '1995-03-24'::date)
                                ->  Hash  (cost=54577.00..54577.00 rows=296350 width=4)
                                      ->  Seq Scan on customer  (cost=0.00..54577.00 rows=296350 width=4)
                                            Filter: (c_mktsegment = 'AUTOMOBILE'::bpchar)
Time: 2.042 ms
Timing is off.
secs,cov
24.860606865,0.011881648412381797
