Timing is on.
Timing is on.
pg_stat_statements_reset

Time: 0.605 ms
l_shipmode,high_line_count,low_line_count
AIR       ,62410,93883
RAIL      ,62684,93640
Time: 23470.136 ms (00:23.470)
l_shipmode,high_line_count,low_line_count
AIR       ,62410,93883
RAIL      ,62684,93640
Time: 20048.297 ms (00:20.048)
secs,cov
21.750665139000002,0.07864469380905774
Time: 1.042 ms
pg_stat_statements_reset

Time: 0.169 ms
l_shipmode,high_line_count,low_line_count
AIR       ,62410,93883
RAIL      ,62684,93640
Time: 19851.340 ms (00:19.851)
l_shipmode,high_line_count,low_line_count
AIR       ,62410,93883
RAIL      ,62684,93640
Time: 19704.223 ms (00:19.704)
l_shipmode,high_line_count,low_line_count
AIR       ,62410,93883
RAIL      ,62684,93640
Time: 19839.837 ms (00:19.840)
l_shipmode,high_line_count,low_line_count
AIR       ,62410,93883
RAIL      ,62684,93640
Time: 20104.601 ms (00:20.105)
l_shipmode,high_line_count,low_line_count
AIR       ,62410,93883
RAIL      ,62684,93640
Time: 19997.866 ms (00:19.998)
l_shipmode,high_line_count,low_line_count
AIR       ,62410,93883
RAIL      ,62684,93640
Time: 19949.955 ms (00:19.950)
l_shipmode,high_line_count,low_line_count
AIR       ,62410,93883
RAIL      ,62684,93640
Time: 20001.478 ms (00:20.001)
l_shipmode,high_line_count,low_line_count
AIR       ,62410,93883
RAIL      ,62684,93640
Time: 20303.157 ms (00:20.303)
QUERY PLAN
GroupAggregate  (cost=3218163.80..3223874.01 rows=7 width=27)
  Group Key: lineitem.l_shipmode
  ->  Sort  (cost=3218163.80..3218877.57 rows=285507 width=27)
        Sort Key: lineitem.l_shipmode
        ->  Merge Join  (cost=2500139.78..3192292.35 rows=285507 width=27)
              Merge Cond: (orders.o_orderkey = lineitem.l_orderkey)
              ->  Index Scan using pk_orders on orders  (cost=0.43..650435.44 rows=15000000 width=20)
              ->  Sort  (cost=2500099.62..2500813.39 rows=285507 width=15)
                    Sort Key: lineitem.l_orderkey
                    ->  Seq Scan on lineitem  (cost=0.00..2474228.17 rows=285507 width=15)
"                          Filter: ((l_shipmode = ANY ('{RAIL,AIR}'::bpchar[])) AND (l_commitdate < l_receiptdate) AND (l_shipdate < l_commitdate) AND (l_receiptdate >= '1993-01-01'::date) AND (l_receiptdate < '1994-01-01 00:00:00'::timestamp without time zone))"
Time: 0.985 ms
Timing is off.
secs,cov
19.961091374999995,0.008541173164296506
