Timing is on.
Timing is on.
pg_stat_statements_reset

Time: 0.812 ms
s_suppkey,s_name,s_address,s_phone,total_revenue
97884,Supplier#000097884       ,dIMTUp l5I,22-665-524-1387,2226856.7654
Time: 5981.562 ms (00:05.982)
s_suppkey,s_name,s_address,s_phone,total_revenue
97884,Supplier#000097884       ,dIMTUp l5I,22-665-524-1387,2226856.7654
Time: 4830.605 ms (00:04.831)
secs,cov
5.377787565999999,0.10403455903263545
Time: 1.009 ms
pg_stat_statements_reset

Time: 0.159 ms
s_suppkey,s_name,s_address,s_phone,total_revenue
97884,Supplier#000097884       ,dIMTUp l5I,22-665-524-1387,2226856.7654
Time: 4597.308 ms (00:04.597)
s_suppkey,s_name,s_address,s_phone,total_revenue
97884,Supplier#000097884       ,dIMTUp l5I,22-665-524-1387,2226856.7654
Time: 4546.562 ms (00:04.547)
s_suppkey,s_name,s_address,s_phone,total_revenue
97884,Supplier#000097884       ,dIMTUp l5I,22-665-524-1387,2226856.7654
Time: 4232.990 ms (00:04.233)
s_suppkey,s_name,s_address,s_phone,total_revenue
97884,Supplier#000097884       ,dIMTUp l5I,22-665-524-1387,2226856.7654
Time: 3820.116 ms (00:03.820)
s_suppkey,s_name,s_address,s_phone,total_revenue
97884,Supplier#000097884       ,dIMTUp l5I,22-665-524-1387,2226856.7654
Time: 4676.498 ms (00:04.676)
s_suppkey,s_name,s_address,s_phone,total_revenue
97884,Supplier#000097884       ,dIMTUp l5I,22-665-524-1387,2226856.7654
Time: 4627.599 ms (00:04.628)
s_suppkey,s_name,s_address,s_phone,total_revenue
97884,Supplier#000097884       ,dIMTUp l5I,22-665-524-1387,2226856.7654
Time: 4585.195 ms (00:04.585)
s_suppkey,s_name,s_address,s_phone,total_revenue
97884,Supplier#000097884       ,dIMTUp l5I,22-665-524-1387,2226856.7654
Time: 4693.295 ms (00:04.693)
QUERY PLAN
Sort  (cost=1685225.25..1685226.52 rows=508 width=103)
  Sort Key: supplier.s_suppkey
  CTE revenue
    ->  HashAggregate  (cost=1676318.99..1677588.97 rows=101599 width=36)
          Group Key: lineitem.l_suppkey
          ->  Bitmap Heap Scan on lineitem  (cost=31837.79..1652985.11 rows=2333388 width=16)
                Recheck Cond: ((l_shipdate >= '1995-09-01'::date) AND (l_shipdate < '1995-11-30 00:00:00'::timestamp without time zone))
                ->  Bitmap Index Scan on lineitem_l_shipdate_idx  (cost=0.00..31254.44 rows=2333388 width=0)
                      Index Cond: ((l_shipdate >= '1995-09-01'::date) AND (l_shipdate < '1995-11-30 00:00:00'::timestamp without time zone))
  InitPlan 2 (returns $1)
    ->  Aggregate  (cost=2285.98..2285.99 rows=1 width=32)
          ->  CTE Scan on revenue revenue_1  (cost=0.00..2031.98 rows=101599 width=32)
  ->  Nested Loop  (cost=0.29..5327.46 rows=508 width=103)
        ->  CTE Scan on revenue  (cost=0.00..2285.98 rows=508 width=36)
              Filter: (total_revenue = $1)
        ->  Index Scan using pk_supplier on supplier  (cost=0.29..5.99 rows=1 width=71)
              Index Cond: (s_suppkey = revenue.supplier_no)
Time: 2.209 ms
Timing is off.
secs,cov
4.460809246125,0.06295619050702088
